local_fact: 4384
local_fact: 79904
local_fact: 49632
local_fact: 18648
local_fact: 92096
local_fact: 82112
local_fact: 80288
local_fact: 73152
local_fact: 23872
local_fact: 81536
local_fact: 67872
local_fact: 36288
local_fact: 36736
local_fact: 8864
local_fact: 72448
local_fact: 51008
local_fact: 80192
local_fact: 20704
local_fact: 13568
local_fact: 76256
local_fact: 416
local_fact: 44408
local_fact: 46528
local_fact: 81792
local_fact: 12544
local_fact: 70656
local_fact: 20432
local_fact: 47392
local_fact: 49856
local_fact: 62352
local_fact: 45696
local_fact: 36128
local_fact: 94912
local_fact: 17024
local_fact: 7616
local_fact: 85224
local_fact: 26368
local_fact: 62144
local_fact: 55712
local_fact: 18912
local_fact: 75552
local_fact: 62816
local_fact: 71072
local_fact: 62688
local_fact: 10816
local_fact: 5312
local_fact: 96544
local_fact: 42208
local_fact: 30976
local_fact: 69472
local_fact: 21152
local_fact: 11264
local_fact: 35632
local_fact: 44128
local_fact: 416
local_fact: 74464
local_fact: 19648
local_fact: 37616
local_fact: 38208
local_fact: 80416
local_fact: 81664
local_fact: 91328
local_fact: 35776
local_fact: 95936
local_fact: 40224
local_fact: 34272
local_fact: 38432
local_fact: 28448
local_fact: 30944
local_fact: 24576
local_fact: 67344
local_fact: 26416
local_fact: 11872
local_fact: 40896
local_fact: 72736
local_fact: 79104
local_fact: 71408
local_fact: 86944
local_fact: 53952
local_fact: 81696
local_fact: 91232
local_fact: 16544
local_fact: 65216
local_fact: 55552
local_fact: 22752
local_fact: 86016
local_fact: 75552
local_fact: 16736
local_fact: 23552
local_fact: 1312
local_fact: 33088
local_fact: 89824
local_fact: 24832
local_fact: 81536
local_fact: 62112
local_fact: 39552
local_fact: 36736
local_fact: 91296
local_fact: 79552
local_fact: 22336
local_fact: 16736
local_fact: 56064
local_fact: 41856
local_fact: 3776
local_fact: 31456
local_fact: 38432
local_fact: 73184
local_fact: 39264
local_fact: 29568
local_fact: 2112
local_fact: 8384
local_fact: 55328
local_fact: 98784
local_fact: 94544
local_fact: 64832
local_fact: 73616
local_fact: 14432
local_fact: 82176
local_fact: 26496
local_fact: 74496
local_fact: 88032
local_fact: 50384
local_fact: 52224
local_fact: 32224
local_fact: 86688
local_fact: 5312
local_fact: 92448
local_fact: 76512
local_fact: 11616
local_fact: 36736
local_fact: 80928
local_fact: 71744
local_fact: 19488
local_fact: 13536
local_fact: 78144
local_fact: 90048
local_fact: 80528
local_fact: 26496
local_fact: 55136
local_fact: 34176
local_fact: 21696
local_fact: 53184
local_fact: 61728
local_fact: 70016
local_fact: 38592
local_fact: 52032
local_fact: 65056
local_fact: 29792
local_fact: 41888
local_fact: 73792
local_fact: 48224
local_fact: 91264
local_fact: 14464
local_fact: 65552
local_fact: 29616
local_fact: 61472
local_fact: 76384
local_fact: 81856
local_fact: 72608
local_fact: 99424
local_fact: 78528
local_fact: 38368
local_fact: 16896
local_fact: 39392
local_fact: 96128
local_fact: 28576
local_fact: 31744
local_fact: 55712
local_fact: 40992
local_fact: 10944
local_fact: 12256
local_fact: 39296
local_fact: 21248
local_fact: 57152
local_fact: 6272
local_fact: 85696
local_fact: 80512
local_fact: 39792
local_fact: 13856
local_fact: 11872
local_fact: 33376
local_fact: 40288
local_fact: 9472
local_fact: 99904
local_fact: 57808
local_fact: 96256
local_fact: 69664
local_fact: 80576
local_fact: 51392
local_fact: 38336
local_fact: 93504
local_fact: 92352
local_fact: 71488
local_fact: 44512
local_fact: 73728
local_fact: 40352
local_fact: 34688
local_fact: 84576
local_fact: 95136
local_fact: 60352
local_fact: 15712
local_fact: 94592
local_fact: 93824
local_fact: 72192
local_fact: 59776
local_fact: 50784
local_fact: 17344
local_fact: 43104
local_fact: 85792
local_fact: 40064
local_fact: 47456
local_fact: 39072
local_fact: 83264
local_fact: 2176
local_fact: 9824
local_fact: 45232
local_fact: 9184
local_fact: 22336
local_fact: 35744
local_fact: 22224
local_fact: 75872
local_fact: 46272
local_fact: 29856
local_fact: 34208
local_fact: 60352
local_fact: 32224
local_fact: 85504
local_fact: 25216
local_fact: 25792
local_fact: 26816
local_fact: 90048
local_fact: 78528
local_fact: 30816
local_fact: 23512
local_fact: 48704
local_fact: 80256
local_fact: 95264
local_fact: 85056
local_fact: 60928
local_fact: 55392
local_fact: 99232
local_fact: 74976
local_fact: 97632
local_fact: 47488
local_fact: 35872
local_fact: 29792
local_fact: 70688
local_fact: 94656
local_fact: 2144
local_fact: 70592
local_fact: 68256
local_fact: 3616
local_fact: 29632
local_fact: 87456
local_fact: 46048
local_fact: 67168
local_fact: 86496
local_fact: 59776
local_fact: 62432
local_fact: 96576
local_fact: 11136
local_fact: 70688
local_fact: 63488
local_fact: 92928
eeR 0
