local_fact: 1
local_fact: 1
local_fact: 1
local_fact: 1
local_fact: 1
local_fact: 1
local_fact: 1
local_fact: 1
local_fact: 1
local_fact: 1
local_fact: 1
local_fact: 1
local_fact: 1
local_fact: 1
local_fact: 1
local_fact: 1
local_fact: 1
local_fact: 1
local_fact: 1
local_fact: 1
local_fact: 1
local_fact: 1
local_fact: 1
local_fact: 1
local_fact: 1
local_fact: 1
local_fact: 1
local_fact: 1
local_fact: 1
local_fact: 1
local_fact: 1
local_fact: 1
local_fact: 1
local_fact: 1
local_fact: 1
local_fact: 1
local_fact: 1
local_fact: 1
local_fact: 1
local_fact: 1
local_fact: 1
local_fact: 1
local_fact: 1
local_fact: 1
local_fact: 1
local_fact: 1
local_fact: 1
local_fact: 1
local_fact: 1
local_fact: 1
local_fact: 1
local_fact: 1
local_fact: 1
local_fact: 1
local_fact: 1
local_fact: 1
local_fact: 1
local_fact: 1
local_fact: 1
local_fact: 1
local_fact: 1
local_fact: 1
local_fact: 1
local_fact: 1
local_fact: 1
local_fact: 1
local_fact: 1
local_fact: 1
local_fact: 1
local_fact: 1
local_fact: 1
local_fact: 1
local_fact: 1
local_fact: 1
local_fact: 1
local_fact: 1
local_fact: 1
local_fact: 1
local_fact: 1
local_fact: 1
local_fact: 1
local_fact: 1
local_fact: 1
local_fact: 1
local_fact: 1
local_fact: 1
local_fact: 1
local_fact: 1
local_fact: 1
local_fact: 1
local_fact: 1
local_fact: 1
local_fact: 1
local_fact: 1
local_fact: 1
local_fact: 1
local_fact: 1
local_fact: 1
local_fact: 1
local_fact: 1
local_fact: 1
local_fact: 1
local_fact: 1
local_fact: 1
local_fact: 1
local_fact: 1
local_fact: 1
local_fact: 1
local_fact: 1
local_fact: 1
local_fact: 1
local_fact: 1
local_fact: 1
local_fact: 1
local_fact: 1
local_fact: 1
local_fact: 1
local_fact: 1
local_fact: 1
local_fact: 1
local_fact: 1
local_fact: 1
local_fact: 1
local_fact: 1
local_fact: 1
local_fact: 1
local_fact: 1
local_fact: 1
local_fact: 1
local_fact: 1
local_fact: 1
local_fact: 1
local_fact: 1
local_fact: 1
local_fact: 1
local_fact: 1
local_fact: 1
local_fact: 1
local_fact: 1
local_fact: 1
local_fact: 1
local_fact: 1
local_fact: 1
local_fact: 1
local_fact: 1
local_fact: 1
local_fact: 1
local_fact: 1
local_fact: 1
local_fact: 1
local_fact: 1
local_fact: 1
local_fact: 1
local_fact: 1
local_fact: 1
local_fact: 1
local_fact: 1
local_fact: 1
local_fact: 1
local_fact: 1
local_fact: 1
local_fact: 1
local_fact: 1
local_fact: 1
local_fact: 1
local_fact: 1
local_fact: 1
local_fact: 1
local_fact: 1
local_fact: 1
local_fact: 1
local_fact: 1
local_fact: 1
local_fact: 1
local_fact: 1
local_fact: 1
local_fact: 1
local_fact: 1
local_fact: 1
local_fact: 1
local_fact: 1
local_fact: 1
local_fact: 1
local_fact: 1
local_fact: 1
local_fact: 1
local_fact: 1
local_fact: 1
local_fact: 1
local_fact: 1
local_fact: 1
local_fact: 1
local_fact: 1
local_fact: 1
local_fact: 1
local_fact: 1
local_fact: 1
local_fact: 1
local_fact: 1
local_fact: 1
local_fact: 1
local_fact: 1
local_fact: 1
local_fact: 1
local_fact: 1
local_fact: 1
local_fact: 1
local_fact: 1
local_fact: 1
local_fact: 1
local_fact: 1
local_fact: 1
local_fact: 1
local_fact: 1
local_fact: 1
local_fact: 1
local_fact: 1
local_fact: 1
local_fact: 1
local_fact: 1
local_fact: 1
local_fact: 1
local_fact: 1
local_fact: 1
local_fact: 1
local_fact: 1
local_fact: 1
local_fact: 1
local_fact: 1
local_fact: 1
local_fact: 1
local_fact: 1
local_fact: 1
local_fact: 1
local_fact: 1
local_fact: 1
local_fact: 1
local_fact: 1
local_fact: 1
local_fact: 1
local_fact: 1
local_fact: 1
local_fact: 1
local_fact: 1
local_fact: 1
local_fact: 1
local_fact: 1
local_fact: 1
local_fact: 1
local_fact: 1
local_fact: 1
local_fact: 1
local_fact: 1
local_fact: 1
local_fact: 1
local_fact: 1
local_fact: 1
local_fact: 1
local_fact: 1
local_fact: 1
local_fact: 1
local_fact: 1
local_fact: 1
local_fact: 1
Before unpacking
Loop2 start w:2
Loop3 start w:2 q:1
Loop2 start w:2 q:1 j:1

===================================================================================
=   BAD TERMINATION OF ONE OF YOUR APPLICATION PROCESSES
=   PID 8264 RUNNING AT hpcl1-1
=   EXIT CODE: 139
=   CLEANING UP REMAINING PROCESSES
=   YOU CAN IGNORE THE BELOW CLEANUP MESSAGES
===================================================================================
YOUR APPLICATION TERMINATED WITH THE EXIT STRING: Segmentation fault (signal 11)
This typically refers to a problem with your application.
Please see the FAQ page for debugging suggestions
