*** Error in `/mnt/linuxlab/home/gdawson1/Ryan/COSC420/Project-1-ProjectEuler/Problem160/a.out': double free or corruption (!prev): 0x00000000021f0db0 ***
======= Backtrace: =========
/lib64/libc.so.6(+0x81299)[0x7f9b6d8c8299]
/mnt/linuxlab/home/gdawson1/Ryan/COSC420/Project-1-ProjectEuler/Problem160/a.out[0x400d30]
/mnt/linuxlab/home/gdawson1/Ryan/COSC420/Project-1-ProjectEuler/Problem160/a.out[0x400920]
/lib64/libc.so.6(__libc_start_main+0xf5)[0x7f9b6d869555]
/mnt/linuxlab/home/gdawson1/Ryan/COSC420/Project-1-ProjectEuler/Problem160/a.out[0x400988]
======= Memory map: ========
00400000-00401000 r-xp 00000000 00:28 20187109                           /mnt/linuxlab/home/gdawson1/Ryan/COSC420/Project-1-ProjectEuler/Problem160/a.out
00601000-00602000 r--p 00001000 00:28 20187109                           /mnt/linuxlab/home/gdawson1/Ryan/COSC420/Project-1-ProjectEuler/Problem160/a.out
00602000-00603000 rw-p 00002000 00:28 20187109                           /mnt/linuxlab/home/gdawson1/Ryan/COSC420/Project-1-ProjectEuler/Problem160/a.out
021b7000-02204000 rw-p 00000000 00:00 0                                  [heap]
7f9b5c000000-7f9b5c021000 rw-p 00000000 00:00 0 
7f9b5c021000-7f9b60000000 ---p 00000000 00:00 0 
7f9b63c49000-7f9b63eea000 rw-p 00000000 00:00 0 
7f9b63eea000-7f9b63ef0000 r-xp 00000000 fd:00 134282283                  /usr/lib64/libnss_dns-2.17.so
7f9b63ef0000-7f9b640ef000 ---p 00006000 fd:00 134282283                  /usr/lib64/libnss_dns-2.17.so
7f9b640ef000-7f9b640f0000 r--p 00005000 fd:00 134282283                  /usr/lib64/libnss_dns-2.17.so
7f9b640f0000-7f9b640f1000 rw-p 00006000 fd:00 134282283                  /usr/lib64/libnss_dns-2.17.so
7f9b640f1000-7f9b64107000 r-xp 00000000 fd:00 134282295                  /usr/lib64/libresolv-2.17.so
7f9b64107000-7f9b64307000 ---p 00016000 fd:00 134282295                  /usr/lib64/libresolv-2.17.so
7f9b64307000-7f9b64308000 r--p 00016000 fd:00 134282295                  /usr/lib64/libresolv-2.17.so
7f9b64308000-7f9b64309000 rw-p 00017000 fd:00 134282295                  /usr/lib64/libresolv-2.17.so
7f9b64309000-7f9b6430b000 rw-p 00000000 00:00 0 
7f9b6430b000-7f9b6430e000 r-xp 00000000 fd:00 143195526                  /usr/lib64/libnss_mdns4_minimal.so.2
7f9b6430e000-7f9b6450d000 ---p 00003000 fd:00 143195526                  /usr/lib64/libnss_mdns4_minimal.so.2
7f9b6450d000-7f9b6450e000 r--p 00002000 fd:00 143195526                  /usr/lib64/libnss_mdns4_minimal.so.2
7f9b6450e000-7f9b6450f000 rw-p 00003000 fd:00 143195526                  /usr/lib64/libnss_mdns4_minimal.so.2
7f9b6450f000-7f9b6451b000 r-xp 00000000 fd:00 134282285                  /usr/lib64/libnss_files-2.17.so
7f9b6451b000-7f9b6471a000 ---p 0000c000 fd:00 134282285                  /usr/lib64/libnss_files-2.17.so
7f9b6471a000-7f9b6471b000 r--p 0000b000 fd:00 134282285                  /usr/lib64/libnss_files-2.17.so
7f9b6471b000-7f9b6471c000 rw-p 0000c000 fd:00 134282285                  /usr/lib64/libnss_files-2.17.so
7f9b6471c000-7f9b64722000 rw-p 00000000 00:00 0 
7f9b64722000-7f9b6c9ad000 rw-s 00000000 00:13 5191818                    /dev/shm/mpich_shar_tmp3hOdL8 (deleted)
7f9b6c9ad000-7f9b6c9e8000 r-xp 00000000 fd:00 135684809                  /usr/lib64/libquadmath.so.0.0.0
7f9b6c9e8000-7f9b6cbe7000 ---p 0003b000 fd:00 135684809                  /usr/lib64/libquadmath.so.0.0.0
7f9b6cbe7000-7f9b6cbe8000 r--p 0003a000 fd:00 135684809                  /usr/lib64/libquadmath.so.0.0.0
7f9b6cbe8000-7f9b6cbe9000 rw-p 0003b000 fd:00 135684809                  /usr/lib64/libquadmath.so.0.0.0
7f9b6cbe9000-7f9b6cbfe000 r-xp 00000000 fd:00 134217836                  /usr/lib64/libgcc_s-4.8.5-20150702.so.1
7f9b6cbfe000-7f9b6cdfd000 ---p 00015000 fd:00 134217836                  /usr/lib64/libgcc_s-4.8.5-20150702.so.1
7f9b6cdfd000-7f9b6cdfe000 r--p 00014000 fd:00 134217836                  /usr/lib64/libgcc_s-4.8.5-20150702.so.1
7f9b6cdfe000-7f9b6cdff000 rw-p 00015000 fd:00 134217836                  /usr/lib64/libgcc_s-4.8.5-20150702.so.1
7f9b6cdff000-7f9b6cf00000 r-xp 00000000 fd:00 134282275                  /usr/lib64/libm-2.17.so
7f9b6cf00000-7f9b6d0ff000 ---p 00101000 fd:00 134282275                  /usr/lib64/libm-2.17.so
7f9b6d0ff000-7f9b6d100000 r--p 00100000 fd:00 134282275                  /usr/lib64/libm-2.17.so
7f9b6d100000-7f9b6d101000 rw-p 00101000 fd:00 134282275                  /usr/lib64/libm-2.17.so
7f9b6d101000-7f9b6d220000 r-xp 00000000 fd:00 135684811                  /usr/lib64/libgfortran.so.3.0.0
7f9b6d220000-7f9b6d420000 ---p 0011f000 fd:00 135684811                  /usr/lib64/libgfortran.so.3.0.0
7f9b6d420000-7f9b6d421000 r--p 0011f000 fd:00 135684811                  /usr/lib64/libgfortran.so.3.0.0
7f9b6d421000-7f9b6d423000 rw-p 00120000 fd:00 135684811                  /usr/lib64/libgfortran.so.3.0.0
7f9b6d423000-7f9b6d43a000 r-xp 00000000 fd:00 134282293                  /usr/lib64/libpthread-2.17.so
7f9b6d43a000-7f9b6d639000 ---p 00017000 fd:00 134282293                  /usr/lib64/libpthread-2.17.so
7f9b6d639000-7f9b6d63a000 r--p 00016000 fd:00 134282293                  /usr/lib64/libpthread-2.17.so
7f9b6d63a000-7f9b6d63b000 rw-p 00017000 fd:00 134282293                  /usr/lib64/libpthread-2.17.so
7f9b6d63b000-7f9b6d63f000 rw-p 00000000 00:00 0 
7f9b6d63f000-7f9b6d646000 r-xp 00000000 fd:00 134282297                  /usr/lib64/librt-2.17.so
7f9b6d646000-7f9b6d845000 ---p 00007000 fd:00 134282297                  /usr/lib64/librt-2.17.so
7f9b6d845000-7f9b6d846000 r--p 00006000 fd:00 134282297                  /usr/lib64/librt-2.17.so
7f9b6d846000-7f9b6d847000 rw-p 00007000 fd:00 134282297                  /usr/lib64/librt-2.17.so
7f9b6d847000-7f9b6da0a000 r-xp 00000000 fd:00 134282267                  /usr/lib64/libc-2.17.so
7f9b6da0a000-7f9b6dc0a000 ---p 001c3000 fd:00 134282267                  /usr/lib64/libc-2.17.so
7f9b6dc0a000-7f9b6dc0e000 r--p 001c3000 fd:00 134282267                  /usr/lib64/libc-2.17.so
7f9b6dc0e000-7f9b6dc10000 rw-p 001c7000 fd:00 134282267                  /usr/lib64/libc-2.17.so
7f9b6dc10000-7f9b6dc15000 rw-p 00000000 00:00 0 
7f9b6dc15000-7f9b6de4f000 r-xp 00000000 fd:00 403972115                  /usr/lib64/mpich-3.2/lib/libmpi.so.12.1.0
7f9b6de4f000-7f9b6e04e000 ---p 0023a000 fd:00 403972115                  /usr/lib64/mpich-3.2/lib/libmpi.so.12.1.0
7f9b6e04e000-7f9b6e05c000 r--p 00239000 fd:00 403972115                  /usr/lib64/mpich-3.2/lib/libmpi.so.12.1.0
7f9b6e05c000-7f9b6e060000 rw-p 00247000 fd:00 403972115                  /usr/lib64/mpich-3.2/lib/libmpi.so.12.1.0
7f9b6e060000-7f9b6e09a000 rw-p 00000000 00:00 0 
7f9b6e09a000-7f9b6e0bc000 r-xp 00000000 fd:00 134282260                  /usr/lib64/ld-2.17.so
7f9b6e14c000-7f9b6e293000 rw-p 00000000 00:00 0 
7f9b6e2b9000-7f9b6e2bb000 rw-p 00000000 00:00 0 
7f9b6e2bb000-7f9b6e2bc000 r--p 00021000 fd:00 134282260                  /usr/lib64/ld-2.17.so
7f9b6e2bc000-7f9b6e2bd000 rw-p 00022000 fd:00 134282260                  /usr/lib64/ld-2.17.so
7f9b6e2bd000-7f9b6e2be000 rw-p 00000000 00:00 0 
7ffc65907000-7ffc65929000 rw-p 00000000 00:00 0                          [stack]
7ffc65951000-7ffc65953000 r-xp 00000000 00:00 0                          [vdso]
ffffffffff600000-ffffffffff601000 r-xp 00000000 00:00 0                  [vsyscall]

===================================================================================
=   BAD TERMINATION OF ONE OF YOUR APPLICATION PROCESSES
=   PID 11577 RUNNING AT hpcl1-1
=   EXIT CODE: 134
=   CLEANING UP REMAINING PROCESSES
=   YOU CAN IGNORE THE BELOW CLEANUP MESSAGES
===================================================================================
YOUR APPLICATION TERMINATED WITH THE EXIT STRING: Aborted (signal 6)
This typically refers to a problem with your application.
Please see the FAQ page for debugging suggestions
