Rank: 96 | Start: 960000000001 | Finish: 970000000000
Rank: 97 | Start: 970000000001 | Finish: 980000000000
Rank: 98 | Start: 980000000001 | Finish: 990000000000
Rank: 99 | Start: 990000000001 | Finish: 1000000000000
Rank: 2 | Start: 20000000001 | Finish: 30000000000
Rank: 12 | Start: 120000000001 | Finish: 130000000000
Rank: 0 | Start: 2 | Finish: 10000000000
Rank: 18 | Start: 180000000001 | Finish: 190000000000
Rank: 38 | Start: 380000000001 | Finish: 390000000000
Rank: 46 | Start: 460000000001 | Finish: 470000000000
Rank: 11 | Start: 110000000001 | Finish: 120000000000
Rank: 43 | Start: 430000000001 | Finish: 440000000000
Rank: 19 | Start: 190000000001 | Finish: 200000000000
Rank: 35 | Start: 350000000001 | Finish: 360000000000
Rank: 90 | Start: 900000000001 | Finish: 910000000000
Rank: 21 | Start: 210000000001 | Finish: 220000000000
Rank: 86 | Start: 860000000001 | Finish: 870000000000
Rank: 3 | Start: 30000000001 | Finish: 40000000000
Rank: 27 | Start: 270000000001 | Finish: 280000000000
Rank: 40 | Start: 400000000001 | Finish: 410000000000
Rank: 1 | Start: 10000000001 | Finish: 20000000000
Rank: 78 | Start: 780000000001 | Finish: 790000000000
Rank: 88 | Start: 880000000001 | Finish: 890000000000
Rank: 5 | Start: 50000000001 | Finish: 60000000000
Rank: 25 | Start: 250000000001 | Finish: 260000000000
Rank: 42 | Start: 420000000001 | Finish: 430000000000
Rank: 82 | Start: 820000000001 | Finish: 830000000000
Rank: 72 | Start: 720000000001 | Finish: 730000000000
Rank: 22 | Start: 220000000001 | Finish: 230000000000
Rank: 26 | Start: 260000000001 | Finish: 270000000000
Rank: 4 | Start: 40000000001 | Finish: 50000000000
Rank: 24 | Start: 240000000001 | Finish: 250000000000
Rank: 77 | Start: 770000000001 | Finish: 780000000000
Rank: 6 | Start: 60000000001 | Finish: 70000000000
Rank: 95 | Start: 950000000001 | Finish: 960000000000
Rank: 17 | Start: 170000000001 | Finish: 180000000000
Rank: 28 | Start: 280000000001 | Finish: 290000000000
Rank: 32 | Start: 320000000001 | Finish: 330000000000
Rank: 85 | Start: 850000000001 | Finish: 860000000000
Rank: 15 | Start: 150000000001 | Finish: 160000000000
Rank: 93 | Start: 930000000001 | Finish: 940000000000
Rank: 14 | Start: 140000000001 | Finish: 150000000000
Rank: 29 | Start: 290000000001 | Finish: 300000000000
Rank: 41 | Start: 410000000001 | Finish: 420000000000
Rank: 9 | Start: 90000000001 | Finish: 100000000000
Rank: 83 | Start: 830000000001 | Finish: 840000000000
Rank: 89 | Start: 890000000001 | Finish: 900000000000
Rank: 7 | Start: 70000000001 | Finish: 80000000000
Rank: 34 | Start: 340000000001 | Finish: 350000000000
Rank: 16 | Start: 160000000001 | Finish: 170000000000
Rank: 45 | Start: 450000000001 | Finish: 460000000000
Rank: 81 | Start: 810000000001 | Finish: 820000000000
Rank: 79 | Start: 790000000001 | Finish: 800000000000
Rank: 13 | Start: 130000000001 | Finish: 140000000000
Rank: 31 | Start: 310000000001 | Finish: 320000000000
Rank: 23 | Start: 230000000001 | Finish: 240000000000
Rank: 74 | Start: 740000000001 | Finish: 750000000000
Rank: 47 | Start: 470000000001 | Finish: 480000000000
Rank: 92 | Start: 920000000001 | Finish: 930000000000
Rank: 8 | Start: 80000000001 | Finish: 90000000000
Rank: 20 | Start: 200000000001 | Finish: 210000000000
Rank: 36 | Start: 360000000001 | Finish: 370000000000
Rank: 73 | Start: 730000000001 | Finish: 740000000000
Rank: 30 | Start: 300000000001 | Finish: 310000000000
Rank: 94 | Start: 940000000001 | Finish: 950000000000
Rank: 10 | Start: 100000000001 | Finish: 110000000000
Rank: 33 | Start: 330000000001 | Finish: 340000000000
Rank: 84 | Start: 840000000001 | Finish: 850000000000
Rank: 61 | Start: 610000000001 | Finish: 620000000000
Rank: 65 | Start: 650000000001 | Finish: 660000000000
Rank: 76 | Start: 760000000001 | Finish: 770000000000
Rank: 37 | Start: 370000000001 | Finish: 380000000000
Rank: 70 | Start: 700000000001 | Finish: 710000000000
Rank: 80 | Start: 800000000001 | Finish: 810000000000
Rank: 39 | Start: 390000000001 | Finish: 400000000000
Rank: 52 | Start: 520000000001 | Finish: 530000000000
Rank: 75 | Start: 750000000001 | Finish: 760000000000
Rank: 44 | Start: 440000000001 | Finish: 450000000000
Rank: 91 | Start: 910000000001 | Finish: 920000000000
Rank: 54 | Start: 540000000001 | Finish: 550000000000
Rank: 68 | Start: 680000000001 | Finish: 690000000000
Rank: 87 | Start: 870000000001 | Finish: 880000000000
Rank: 51 | Start: 510000000001 | Finish: 520000000000
Rank: 48 | Start: 480000000001 | Finish: 490000000000
Rank: 50 | Start: 500000000001 | Finish: 510000000000
Rank: 49 | Start: 490000000001 | Finish: 500000000000
Rank: 67 | Start: 670000000001 | Finish: 680000000000
Rank: 55 | Start: 550000000001 | Finish: 560000000000
Rank: 62 | Start: 620000000001 | Finish: 630000000000
Rank: 63 | Start: 630000000001 | Finish: 640000000000
Rank: 60 | Start: 600000000001 | Finish: 610000000000
Rank: 64 | Start: 640000000001 | Finish: 650000000000
Rank: 57 | Start: 570000000001 | Finish: 580000000000
Rank: 69 | Start: 690000000001 | Finish: 700000000000
Rank: 58 | Start: 580000000001 | Finish: 590000000000
Rank: 56 | Start: 560000000001 | Finish: 570000000000
Rank: 66 | Start: 660000000001 | Finish: 670000000000
Rank: 59 | Start: 590000000001 | Finish: 600000000000
Rank: 53 | Start: 530000000001 | Finish: 540000000000
Rank: 71 | Start: 710000000001 | Finish: 720000000000
eeR 36832
